{"/Users/theogillet/Desktop/cours/test_logiciels/test-ts/src/Ingredient/Ingredient.ts": {"path":"/Users/theogillet/Desktop/cours/test_logiciels/test-ts/src/Ingredient/Ingredient.ts","statementMap":{"0":{"start":{"line":6,"column":8},"end":{"line":6,"column":41}},"1":{"start":{"line":7,"column":8},"end":{"line":7,"column":33}},"2":{"start":{"line":11,"column":8},"end":{"line":11,"column":29}},"3":{"start":{"line":15,"column":8},"end":{"line":15,"column":58}},"4":{"start":{"line":15,"column":21},"end":{"line":15,"column":58}},"5":{"start":{"line":16,"column":8},"end":{"line":16,"column":29}},"6":{"start":{"line":20,"column":8},"end":{"line":20,"column":58}},"7":{"start":{"line":20,"column":21},"end":{"line":20,"column":58}},"8":{"start":{"line":21,"column":8},"end":{"line":21,"column":71}},"9":{"start":{"line":21,"column":33},"end":{"line":21,"column":71}},"10":{"start":{"line":22,"column":8},"end":{"line":22,"column":29}},"11":{"start":{"line":26,"column":8},"end":{"line":26,"column":41}},"12":{"start":{"line":27,"column":8},"end":{"line":27,"column":78}},"13":{"start":{"line":27,"column":51},"end":{"line":27,"column":78}},"14":{"start":{"line":28,"column":8},"end":{"line":28,"column":77}},"15":{"start":{"line":28,"column":50},"end":{"line":28,"column":77}},"16":{"start":{"line":29,"column":8},"end":{"line":30,"column":44}},"17":{"start":{"line":30,"column":12},"end":{"line":30,"column":44}},"18":{"start":{"line":31,"column":8},"end":{"line":32,"column":50}},"19":{"start":{"line":32,"column":12},"end":{"line":32,"column":50}},"20":{"start":{"line":33,"column":8},"end":{"line":34,"column":46}},"21":{"start":{"line":34,"column":12},"end":{"line":34,"column":46}},"22":{"start":{"line":35,"column":8},"end":{"line":36,"column":35}},"23":{"start":{"line":36,"column":12},"end":{"line":36,"column":35}},"24":{"start":{"line":37,"column":8},"end":{"line":38,"column":53}},"25":{"start":{"line":38,"column":12},"end":{"line":38,"column":53}},"26":{"start":{"line":39,"column":8},"end":{"line":40,"column":50}},"27":{"start":{"line":40,"column":12},"end":{"line":40,"column":50}},"28":{"start":{"line":41,"column":8},"end":{"line":41,"column":20}},"29":{"start":{"line":45,"column":8},"end":{"line":45,"column":47}},"30":{"start":{"line":1,"column":0},"end":{"line":1,"column":13}}},"fnMap":{"0":{"name":"(anonymous_0)","decl":{"start":{"line":5,"column":4},"end":{"line":5,"column":16}},"loc":{"start":{"line":5,"column":42},"end":{"line":8,"column":5}}},"1":{"name":"(anonymous_1)","decl":{"start":{"line":10,"column":11},"end":{"line":10,"column":22}},"loc":{"start":{"line":10,"column":22},"end":{"line":12,"column":5}}},"2":{"name":"(anonymous_2)","decl":{"start":{"line":14,"column":11},"end":{"line":14,"column":14}},"loc":{"start":{"line":14,"column":26},"end":{"line":17,"column":5}}},"3":{"name":"(anonymous_3)","decl":{"start":{"line":19,"column":11},"end":{"line":19,"column":17}},"loc":{"start":{"line":19,"column":29},"end":{"line":23,"column":5}}},"4":{"name":"(anonymous_4)","decl":{"start":{"line":25,"column":12},"end":{"line":25,"column":21}},"loc":{"start":{"line":25,"column":34},"end":{"line":42,"column":5}}},"5":{"name":"(anonymous_5)","decl":{"start":{"line":44,"column":11},"end":{"line":44,"column":19}},"loc":{"start":{"line":44,"column":19},"end":{"line":46,"column":5}}}},"branchMap":{"0":{"loc":{"start":{"line":5,"column":30},"end":{"line":5,"column":42}},"type":"default-arg","locations":[{"start":{"line":5,"column":41},"end":{"line":5,"column":42}}]},"1":{"loc":{"start":{"line":15,"column":8},"end":{"line":15,"column":58}},"type":"if","locations":[{"start":{"line":15,"column":8},"end":{"line":15,"column":58}},{"start":{},"end":{}}]},"2":{"loc":{"start":{"line":20,"column":8},"end":{"line":20,"column":58}},"type":"if","locations":[{"start":{"line":20,"column":8},"end":{"line":20,"column":58}},{"start":{},"end":{}}]},"3":{"loc":{"start":{"line":21,"column":8},"end":{"line":21,"column":71}},"type":"if","locations":[{"start":{"line":21,"column":8},"end":{"line":21,"column":71}},{"start":{},"end":{}}]},"4":{"loc":{"start":{"line":27,"column":8},"end":{"line":27,"column":78}},"type":"if","locations":[{"start":{"line":27,"column":8},"end":{"line":27,"column":78}},{"start":{},"end":{}}]},"5":{"loc":{"start":{"line":28,"column":8},"end":{"line":28,"column":77}},"type":"if","locations":[{"start":{"line":28,"column":8},"end":{"line":28,"column":77}},{"start":{},"end":{}}]},"6":{"loc":{"start":{"line":29,"column":8},"end":{"line":30,"column":44}},"type":"if","locations":[{"start":{"line":29,"column":8},"end":{"line":30,"column":44}},{"start":{},"end":{}}]},"7":{"loc":{"start":{"line":29,"column":12},"end":{"line":29,"column":99}},"type":"binary-expr","locations":[{"start":{"line":29,"column":12},"end":{"line":29,"column":54}},{"start":{"line":29,"column":58},"end":{"line":29,"column":99}}]},"8":{"loc":{"start":{"line":31,"column":8},"end":{"line":32,"column":50}},"type":"if","locations":[{"start":{"line":31,"column":8},"end":{"line":32,"column":50}},{"start":{},"end":{}}]},"9":{"loc":{"start":{"line":31,"column":12},"end":{"line":31,"column":111}},"type":"binary-expr","locations":[{"start":{"line":31,"column":12},"end":{"line":31,"column":60}},{"start":{"line":31,"column":64},"end":{"line":31,"column":111}}]},"10":{"loc":{"start":{"line":33,"column":8},"end":{"line":34,"column":46}},"type":"if","locations":[{"start":{"line":33,"column":8},"end":{"line":34,"column":46}},{"start":{},"end":{}}]},"11":{"loc":{"start":{"line":33,"column":12},"end":{"line":33,"column":103}},"type":"binary-expr","locations":[{"start":{"line":33,"column":12},"end":{"line":33,"column":56}},{"start":{"line":33,"column":60},"end":{"line":33,"column":103}}]},"12":{"loc":{"start":{"line":35,"column":8},"end":{"line":36,"column":35}},"type":"if","locations":[{"start":{"line":35,"column":8},"end":{"line":36,"column":35}},{"start":{},"end":{}}]},"13":{"loc":{"start":{"line":35,"column":12},"end":{"line":35,"column":81}},"type":"binary-expr","locations":[{"start":{"line":35,"column":12},"end":{"line":35,"column":45}},{"start":{"line":35,"column":49},"end":{"line":35,"column":81}}]},"14":{"loc":{"start":{"line":37,"column":8},"end":{"line":38,"column":53}},"type":"if","locations":[{"start":{"line":37,"column":8},"end":{"line":38,"column":53}},{"start":{},"end":{}}]},"15":{"loc":{"start":{"line":37,"column":12},"end":{"line":37,"column":117}},"type":"binary-expr","locations":[{"start":{"line":37,"column":12},"end":{"line":37,"column":63}},{"start":{"line":37,"column":67},"end":{"line":37,"column":117}}]},"16":{"loc":{"start":{"line":39,"column":8},"end":{"line":40,"column":50}},"type":"if","locations":[{"start":{"line":39,"column":8},"end":{"line":40,"column":50}},{"start":{},"end":{}}]},"17":{"loc":{"start":{"line":39,"column":12},"end":{"line":39,"column":111}},"type":"binary-expr","locations":[{"start":{"line":39,"column":12},"end":{"line":39,"column":60}},{"start":{"line":39,"column":64},"end":{"line":39,"column":111}}]}},"s":{"0":62,"1":62,"2":20,"3":13,"4":1,"5":12,"6":10,"7":1,"8":9,"9":1,"10":8,"11":62,"12":62,"13":5,"14":57,"15":3,"16":54,"17":16,"18":38,"19":7,"20":31,"21":1,"22":30,"23":1,"24":29,"25":1,"26":28,"27":14,"28":14,"29":1,"30":2},"f":{"0":62,"1":20,"2":13,"3":10,"4":62,"5":1},"b":{"0":[56],"1":[1,12],"2":[1,9],"3":[1,8],"4":[5,57],"5":[3,54],"6":[16,38],"7":[54,45],"8":[7,31],"9":[38,34],"10":[1,30],"11":[31,31],"12":[1,29],"13":[30,30],"14":[1,28],"15":[29,29],"16":[14,14],"17":[28,28]}}
,"/Users/theogillet/Desktop/cours/test_logiciels/test-ts/src/Officine/Officine.ts": {"path":"/Users/theogillet/Desktop/cours/test_logiciels/test-ts/src/Officine/Officine.ts","statementMap":{"0":{"start":{"line":1,"column":0},"end":{"line":1,"column":54}},"1":{"start":{"line":6,"column":12},"end":{"line":6,"column":55}},"2":{"start":{"line":10,"column":8},"end":{"line":10,"column":31}},"3":{"start":{"line":14,"column":35},"end":{"line":14,"column":68}},"4":{"start":{"line":15,"column":21},"end":{"line":15,"column":65}},"5":{"start":{"line":16,"column":8},"end":{"line":16,"column":27}},"6":{"start":{"line":17,"column":8},"end":{"line":17,"column":35}},"7":{"start":{"line":21,"column":26},"end":{"line":21,"column":51}},"8":{"start":{"line":22,"column":8},"end":{"line":22,"column":61}},"9":{"start":{"line":26,"column":63},"end":{"line":26,"column":96}},"10":{"start":{"line":28,"column":8},"end":{"line":28,"column":90}},"11":{"start":{"line":28,"column":39},"end":{"line":28,"column":90}},"12":{"start":{"line":29,"column":24},"end":{"line":29,"column":48}},"13":{"start":{"line":31,"column":26},"end":{"line":31,"column":34}},"14":{"start":{"line":34,"column":8},"end":{"line":38,"column":9}},"15":{"start":{"line":35,"column":54},"end":{"line":35,"column":88}},"16":{"start":{"line":36,"column":28},"end":{"line":36,"column":51}},"17":{"start":{"line":37,"column":12},"end":{"line":37,"column":75}},"18":{"start":{"line":40,"column":26},"end":{"line":40,"column":63}},"19":{"start":{"line":41,"column":8},"end":{"line":41,"column":38}},"20":{"start":{"line":41,"column":29},"end":{"line":41,"column":38}},"21":{"start":{"line":44,"column":8},"end":{"line":48,"column":9}},"22":{"start":{"line":45,"column":54},"end":{"line":45,"column":88}},"23":{"start":{"line":46,"column":25},"end":{"line":46,"column":50}},"24":{"start":{"line":47,"column":12},"end":{"line":47,"column":41}},"25":{"start":{"line":51,"column":23},"end":{"line":51,"column":79}},"26":{"start":{"line":52,"column":8},"end":{"line":52,"column":30}},"27":{"start":{"line":53,"column":8},"end":{"line":53,"column":43}},"28":{"start":{"line":55,"column":8},"end":{"line":55,"column":25}},"29":{"start":{"line":59,"column":22},"end":{"line":59,"column":46}},"30":{"start":{"line":60,"column":23},"end":{"line":60,"column":41}},"31":{"start":{"line":63,"column":8},"end":{"line":68,"column":9}},"32":{"start":{"line":64,"column":12},"end":{"line":64,"column":25}},"33":{"start":{"line":65,"column":12},"end":{"line":65,"column":26}},"34":{"start":{"line":67,"column":12},"end":{"line":67,"column":44}},"35":{"start":{"line":70,"column":26},"end":{"line":70,"column":51}},"36":{"start":{"line":71,"column":8},"end":{"line":71,"column":45}},"37":{"start":{"line":75,"column":8},"end":{"line":75,"column":45}},"38":{"start":{"line":76,"column":8},"end":{"line":78,"column":9}},"39":{"start":{"line":77,"column":12},"end":{"line":77,"column":47}},"40":{"start":{"line":79,"column":8},"end":{"line":79,"column":43}},"41":{"start":{"line":5,"column":0},"end":{"line":5,"column":13}}},"fnMap":{"0":{"name":"(anonymous_0)","decl":{"start":{"line":9,"column":4},"end":{"line":9,"column":16}},"loc":{"start":{"line":9,"column":32},"end":{"line":11,"column":5}}},"1":{"name":"(anonymous_1)","decl":{"start":{"line":13,"column":11},"end":{"line":13,"column":14}},"loc":{"start":{"line":13,"column":29},"end":{"line":18,"column":5}}},"2":{"name":"(anonymous_2)","decl":{"start":{"line":20,"column":11},"end":{"line":20,"column":19}},"loc":{"start":{"line":20,"column":32},"end":{"line":23,"column":5}}},"3":{"name":"(anonymous_3)","decl":{"start":{"line":25,"column":11},"end":{"line":25,"column":18}},"loc":{"start":{"line":25,"column":33},"end":{"line":56,"column":5}}},"4":{"name":"(anonymous_4)","decl":{"start":{"line":58,"column":12},"end":{"line":58,"column":32}},"loc":{"start":{"line":58,"column":47},"end":{"line":72,"column":5}}},"5":{"name":"(anonymous_5)","decl":{"start":{"line":74,"column":11},"end":{"line":74,"column":21}},"loc":{"start":{"line":74,"column":21},"end":{"line":80,"column":5}}}},"branchMap":{"0":{"loc":{"start":{"line":15,"column":21},"end":{"line":15,"column":65}},"type":"binary-expr","locations":[{"start":{"line":15,"column":21},"end":{"line":15,"column":41}},{"start":{"line":15,"column":45},"end":{"line":15,"column":65}}]},"1":{"loc":{"start":{"line":22,"column":15},"end":{"line":22,"column":60}},"type":"cond-expr","locations":[{"start":{"line":22,"column":55},"end":{"line":22,"column":59}},{"start":{"line":22,"column":59},"end":{"line":22,"column":60}}]},"2":{"loc":{"start":{"line":22,"column":15},"end":{"line":22,"column":59}},"type":"binary-expr","locations":[{"start":{"line":22,"column":15},"end":{"line":22,"column":59}},{"start":{"line":22,"column":55},"end":{"line":22,"column":59}}]},"3":{"loc":{"start":{"line":22,"column":15},"end":{"line":22,"column":55}},"type":"cond-expr","locations":[{"start":{"line":22,"column":40},"end":{"line":22,"column":42}},{"start":{"line":22,"column":40},"end":{"line":22,"column":55}}]},"4":{"loc":{"start":{"line":22,"column":15},"end":{"line":22,"column":42}},"type":"binary-expr","locations":[{"start":{"line":22,"column":15},"end":{"line":22,"column":42}},{"start":{"line":22,"column":40},"end":{"line":22,"column":42}}]},"5":{"loc":{"start":{"line":28,"column":8},"end":{"line":28,"column":90}},"type":"if","locations":[{"start":{"line":28,"column":8},"end":{"line":28,"column":90}},{"start":{},"end":{}}]},"6":{"loc":{"start":{"line":41,"column":8},"end":{"line":41,"column":38}},"type":"if","locations":[{"start":{"line":41,"column":8},"end":{"line":41,"column":38}},{"start":{},"end":{}}]},"7":{"loc":{"start":{"line":51,"column":23},"end":{"line":51,"column":79}},"type":"binary-expr","locations":[{"start":{"line":51,"column":23},"end":{"line":51,"column":49}},{"start":{"line":51,"column":53},"end":{"line":51,"column":79}}]},"8":{"loc":{"start":{"line":63,"column":8},"end":{"line":68,"column":9}},"type":"if","locations":[{"start":{"line":63,"column":8},"end":{"line":68,"column":9}},{"start":{"line":66,"column":15},"end":{"line":68,"column":9}}]}},"s":{"0":1,"1":5,"2":5,"3":7,"4":7,"5":7,"6":7,"7":17,"8":17,"9":4,"10":4,"11":0,"12":4,"13":4,"14":4,"15":8,"16":8,"17":8,"18":4,"19":4,"20":1,"21":3,"22":6,"23":6,"24":6,"25":3,"26":3,"27":3,"28":3,"29":25,"30":25,"31":25,"32":2,"33":2,"34":23,"35":25,"36":25,"37":0,"38":0,"39":0,"40":0,"41":1},"f":{"0":5,"1":7,"2":17,"3":4,"4":25,"5":0},"b":{"0":[7,6],"1":[14,3],"2":[17,17],"3":[3,14],"4":[17,17],"5":[0,4],"6":[1,3],"7":[3,3],"8":[2,23]}}
,"/Users/theogillet/Desktop/cours/test_logiciels/test-ts/src/utils/contants.ts": {"path":"/Users/theogillet/Desktop/cours/test_logiciels/test-ts/src/utils/contants.ts","statementMap":{"0":{"start":{"line":1,"column":13},"end":{"line":7,"column":null}}},"fnMap":{},"branchMap":{},"s":{"0":1},"f":{},"b":{}}
}
