TN:
SF:src/Ingredient/Ingredient.ts
FN:5,(anonymous_0)
FN:10,(anonymous_1)
FN:14,(anonymous_2)
FN:19,(anonymous_3)
FN:25,(anonymous_4)
FN:44,(anonymous_5)
FNF:6
FNH:6
FNDA:62,(anonymous_0)
FNDA:20,(anonymous_1)
FNDA:13,(anonymous_2)
FNDA:10,(anonymous_3)
FNDA:62,(anonymous_4)
FNDA:1,(anonymous_5)
DA:1,2
DA:6,62
DA:7,62
DA:11,20
DA:15,13
DA:16,12
DA:20,10
DA:21,9
DA:22,8
DA:26,62
DA:27,62
DA:28,57
DA:29,54
DA:30,16
DA:31,38
DA:32,7
DA:33,31
DA:34,1
DA:35,30
DA:36,1
DA:37,29
DA:38,1
DA:39,28
DA:40,14
DA:41,14
DA:45,1
LF:26
LH:26
BRDA:5,0,0,56
BRDA:15,1,0,1
BRDA:15,1,1,12
BRDA:20,2,0,1
BRDA:20,2,1,9
BRDA:21,3,0,1
BRDA:21,3,1,8
BRDA:27,4,0,5
BRDA:27,4,1,57
BRDA:28,5,0,3
BRDA:28,5,1,54
BRDA:29,6,0,16
BRDA:29,6,1,38
BRDA:29,7,0,54
BRDA:29,7,1,45
BRDA:31,8,0,7
BRDA:31,8,1,31
BRDA:31,9,0,38
BRDA:31,9,1,34
BRDA:33,10,0,1
BRDA:33,10,1,30
BRDA:33,11,0,31
BRDA:33,11,1,31
BRDA:35,12,0,1
BRDA:35,12,1,29
BRDA:35,13,0,30
BRDA:35,13,1,30
BRDA:37,14,0,1
BRDA:37,14,1,28
BRDA:37,15,0,29
BRDA:37,15,1,29
BRDA:39,16,0,14
BRDA:39,16,1,14
BRDA:39,17,0,28
BRDA:39,17,1,28
BRF:35
BRH:35
end_of_record
TN:
SF:src/Officine/Officine.ts
FN:9,(anonymous_0)
FN:13,(anonymous_1)
FN:20,(anonymous_2)
FN:25,(anonymous_3)
FN:58,(anonymous_4)
FN:74,(anonymous_5)
FNF:6
FNH:5
FNDA:5,(anonymous_0)
FNDA:7,(anonymous_1)
FNDA:17,(anonymous_2)
FNDA:4,(anonymous_3)
FNDA:25,(anonymous_4)
FNDA:0,(anonymous_5)
DA:1,1
DA:5,1
DA:6,5
DA:10,5
DA:14,7
DA:15,7
DA:16,7
DA:17,7
DA:21,17
DA:22,17
DA:26,4
DA:28,4
DA:29,4
DA:31,4
DA:34,4
DA:35,8
DA:36,8
DA:37,8
DA:40,4
DA:41,4
DA:44,3
DA:45,6
DA:46,6
DA:47,6
DA:51,3
DA:52,3
DA:53,3
DA:55,3
DA:59,25
DA:60,25
DA:63,25
DA:64,2
DA:65,2
DA:67,23
DA:70,25
DA:71,25
DA:75,0
DA:76,0
DA:77,0
DA:79,0
LF:40
LH:36
BRDA:15,0,0,7
BRDA:15,0,1,6
BRDA:22,1,0,14
BRDA:22,1,1,3
BRDA:22,2,0,17
BRDA:22,2,1,17
BRDA:22,3,0,3
BRDA:22,3,1,14
BRDA:22,4,0,17
BRDA:22,4,1,17
BRDA:28,5,0,0
BRDA:28,5,1,4
BRDA:41,6,0,1
BRDA:41,6,1,3
BRDA:51,7,0,3
BRDA:51,7,1,3
BRDA:63,8,0,2
BRDA:63,8,1,23
BRF:18
BRH:17
end_of_record
TN:
SF:src/utils/contants.ts
FNF:0
FNH:0
DA:1,1
LF:1
LH:1
BRF:0
BRH:0
end_of_record
